Using pre-set license
Built from '2022.3/staging' branch; Version is '2022.3.35f1 (011206c7a712) revision 70150'; Using compiler version '192829333'; Build Type 'Release'
OS: 'Windows 11  (10.0.22631) 64bit Core' Language: 'de' Physical Memory: 31904 MB
BatchMode: 1, IsHumanControllingUs: 0, StartBugReporterOnCrash: 0, Is64bit: 1, IsPro: 1

COMMAND LINE ARGUMENTS:
C:\Program Files\Unity\Hub\Editor\2022.3.35f1\Editor\Unity.exe
-adb2
-batchMode
-noUpm
-name
AssetImportWorker2
-projectPath
C:/Users/enzom/Documents/UnityProjects/RangerProject/RangerProject
-logFile
Logs/AssetImportWorker2.log
-srvPort
52749
Successfully changed project path to: C:/Users/enzom/Documents/UnityProjects/RangerProject/RangerProject
C:/Users/enzom/Documents/UnityProjects/RangerProject/RangerProject
[UnityMemory] Configuration Parameters - Can be set up in boot.config
    "memorysetup-bucket-allocator-granularity=16"
    "memorysetup-bucket-allocator-bucket-count=8"
    "memorysetup-bucket-allocator-block-size=33554432"
    "memorysetup-bucket-allocator-block-count=8"
    "memorysetup-main-allocator-block-size=16777216"
    "memorysetup-thread-allocator-block-size=16777216"
    "memorysetup-gfx-main-allocator-block-size=16777216"
    "memorysetup-gfx-thread-allocator-block-size=16777216"
    "memorysetup-cache-allocator-block-size=4194304"
    "memorysetup-typetree-allocator-block-size=2097152"
    "memorysetup-profiler-bucket-allocator-granularity=16"
    "memorysetup-profiler-bucket-allocator-bucket-count=8"
    "memorysetup-profiler-bucket-allocator-block-size=33554432"
    "memorysetup-profiler-bucket-allocator-block-count=8"
    "memorysetup-profiler-allocator-block-size=16777216"
    "memorysetup-profiler-editor-allocator-block-size=1048576"
    "memorysetup-temp-allocator-size-main=16777216"
    "memorysetup-job-temp-allocator-block-size=2097152"
    "memorysetup-job-temp-allocator-block-size-background=1048576"
    "memorysetup-job-temp-allocator-reduction-small-platforms=262144"
    "memorysetup-allocator-temp-initial-block-size-main=262144"
    "memorysetup-allocator-temp-initial-block-size-worker=262144"
    "memorysetup-temp-allocator-size-background-worker=32768"
    "memorysetup-temp-allocator-size-job-worker=262144"
    "memorysetup-temp-allocator-size-preload-manager=33554432"
    "memorysetup-temp-allocator-size-nav-mesh-worker=65536"
    "memorysetup-temp-allocator-size-audio-worker=65536"
    "memorysetup-temp-allocator-size-cloud-worker=32768"
    "memorysetup-temp-allocator-size-gi-baking-worker=262144"
    "memorysetup-temp-allocator-size-gfx=262144"
Player connection [3924] Host "[IP] 192.168.0.99 [Port] 0 [Flags] 2 [Guid] 877737102 [EditorId] 877737102 [Version] 1048832 [Id] WindowsEditor(7,SickPC) [Debug] 1 [PackageName] WindowsEditor [ProjectName] Editor" joined multi-casting on [225.0.0.222:54997]...

Player connection [3924] Host "[IP] 192.168.0.99 [Port] 0 [Flags] 2 [Guid] 877737102 [EditorId] 877737102 [Version] 1048832 [Id] WindowsEditor(7,SickPC) [Debug] 1 [PackageName] WindowsEditor [ProjectName] Editor" joined alternative multi-casting on [225.0.0.222:34997]...

[PhysX] Initialized MultithreadedTaskDispatcher with 16 workers.
Refreshing native plugins compatible for Editor in 8.75 ms, found 3 plugins.
Preloading 0 native plugins for Editor in 0.00 ms.
Initialize engine version: 2022.3.35f1 (011206c7a712)
[Subsystems] Discovering subsystems at path C:/Program Files/Unity/Hub/Editor/2022.3.35f1/Editor/Data/Resources/UnitySubsystems
[Subsystems] Discovering subsystems at path C:/Users/enzom/Documents/UnityProjects/RangerProject/RangerProject/Assets
GfxDevice: creating device client; threaded=0; jobified=0
Direct3D:
    Version:  Direct3D 11.0 [level 11.1]
    Renderer: AMD Radeon RX 7900 XT (ID=0x744c)
    Vendor:   ATI
    VRAM:     20416 MB
    Driver:   32.0.11029.1008
Initialize mono
Mono path[0] = 'C:/Program Files/Unity/Hub/Editor/2022.3.35f1/Editor/Data/Managed'
Mono path[1] = 'C:/Program Files/Unity/Hub/Editor/2022.3.35f1/Editor/Data/MonoBleedingEdge/lib/mono/unityjit-win32'
Mono config path = 'C:/Program Files/Unity/Hub/Editor/2022.3.35f1/Editor/Data/MonoBleedingEdge/etc'
Using monoOptions --debugger-agent=transport=dt_socket,embedding=1,server=y,suspend=n,address=127.0.0.1:56656
Begin MonoManager ReloadAssembly
Registering precompiled unity dll's ...
Register platform support module: C:/Program Files/Unity/Hub/Editor/2022.3.35f1/Editor/Data/PlaybackEngines/WindowsStandaloneSupport/UnityEditor.WindowsStandalone.Extensions.dll
Registered in 0.004590 seconds.
- Loaded All Assemblies, in  0.209 seconds
Native extension for WindowsStandalone target not found
Mono: successfully reloaded assembly
- Finished resetting the current domain, in  0.168 seconds
Domain Reload Profiling: 376ms
	BeginReloadAssembly (68ms)
		ExecutionOrderSort (0ms)
		DisableScriptedObjects (0ms)
		BackupInstance (0ms)
		ReleaseScriptingObjects (0ms)
		CreateAndSetChildDomain (0ms)
	RebuildCommonClasses (20ms)
	RebuildNativeTypeToScriptingClass (6ms)
	initialDomainReloadingComplete (35ms)
	LoadAllAssembliesAndSetupDomain (79ms)
		LoadAssemblies (67ms)
		RebuildTransferFunctionScriptingTraits (0ms)
		AnalyzeDomain (78ms)
			TypeCache.Refresh (77ms)
				TypeCache.ScanAssembly (70ms)
			ScanForSourceGeneratedMonoScriptInfo (0ms)
			ResolveRequiredComponents (0ms)
	FinalizeReload (168ms)
		ReleaseScriptCaches (0ms)
		RebuildScriptCaches (0ms)
		SetupLoadedEditorAssemblies (135ms)
			LogAssemblyErrors (0ms)
			InitializePlatformSupportModulesInManaged (6ms)
			SetLoadedEditorAssemblies (6ms)
			RefreshPlugins (0ms)
			BeforeProcessingInitializeOnLoad (1ms)
			ProcessInitializeOnLoadAttributes (94ms)
			ProcessInitializeOnLoadMethodAttributes (28ms)
			AfterProcessingInitializeOnLoad (0ms)
			EditorAssembliesLoaded (0ms)
		ExecutionOrderSort2 (0ms)
		AwakeInstancesAfterBackupRestoration (0ms)
========================================================================
Worker process is ready to serve import requests
Begin MonoManager ReloadAssembly
- Loaded All Assemblies, in  0.470 seconds
Refreshing native plugins compatible for Editor in 3.43 ms, found 3 plugins.
Native extension for WindowsStandalone target not found
Package Manager log level set to [2]
[Package Manager] Server::EnsureServerProcessIsRunning -- launch failed, reason: Unity was launched with the -noUpm command-line argument
[Package Manager] UpmClient::Send -- Unable to send message (not connected to UPM process).
[Package Manager] Cannot connect to Unity Package Manager local server
Mono: successfully reloaded assembly
- Finished resetting the current domain, in  0.712 seconds
Domain Reload Profiling: 1179ms
	BeginReloadAssembly (92ms)
		ExecutionOrderSort (0ms)
		DisableScriptedObjects (3ms)
		BackupInstance (0ms)
		ReleaseScriptingObjects (0ms)
		CreateAndSetChildDomain (14ms)
	RebuildCommonClasses (18ms)
	RebuildNativeTypeToScriptingClass (6ms)
	initialDomainReloadingComplete (25ms)
	LoadAllAssembliesAndSetupDomain (325ms)
		LoadAssemblies (238ms)
		RebuildTransferFunctionScriptingTraits (0ms)
		AnalyzeDomain (141ms)
			TypeCache.Refresh (116ms)
				TypeCache.ScanAssembly (107ms)
			ScanForSourceGeneratedMonoScriptInfo (17ms)
			ResolveRequiredComponents (6ms)
	FinalizeReload (712ms)
		ReleaseScriptCaches (0ms)
		RebuildScriptCaches (0ms)
		SetupLoadedEditorAssemblies (601ms)
			LogAssemblyErrors (0ms)
			InitializePlatformSupportModulesInManaged (4ms)
			SetLoadedEditorAssemblies (3ms)
			RefreshPlugins (0ms)
			BeforeProcessingInitializeOnLoad (100ms)
			ProcessInitializeOnLoadAttributes (306ms)
			ProcessInitializeOnLoadMethodAttributes (183ms)
			AfterProcessingInitializeOnLoad (5ms)
			EditorAssembliesLoaded (0ms)
		ExecutionOrderSort2 (0ms)
		AwakeInstancesAfterBackupRestoration (4ms)
Launched and connected shader compiler UnityShaderCompiler.exe after 0.03 seconds
Refreshing native plugins compatible for Editor in 3.60 ms, found 3 plugins.
Preloading 0 native plugins for Editor in 0.00 ms.
Unloading 6985 Unused Serialized files (Serialized files now loaded: 0)
Unloading 141 unused Assets / (8.0 MB). Loaded Objects now: 7428.
Memory consumption went from 335.8 MB to 327.9 MB.
Total: 4.882200 ms (FindLiveObjects: 0.396700 ms CreateObjectMapping: 0.135000 ms MarkObjects: 2.383700 ms  DeleteObjects: 1.966100 ms)

AssetImportParameters requested are different than current active one (requested -> active):
  custom:container-demuxer-ogg: 62fdf1f143b41e24485cea50d1cbac27 -> 
  custom:framework-win-MediaFoundation: 216162199b28c13a410421893ffa2e32 -> 
  custom:container-muxer-webm: aa71ff27fc2769a1b78a27578f13a17b -> 
  custom:video-decoder-webm-vp8: 9c59270c3fd7afecdb556c50c9e8de78 -> 
  custom:SearchIndexIgnoredProperties: e643bd26f0fe6173181afceb89e7c659 -> 
  custom:AudioImporter_EditorPlatform: d09bf68614088b80899f8185d706f6e7 -> 
  custom:audio-decoder-ogg-vorbis: bf7c407c2cedff20999df2af8eb42d56 -> 
  custom:audio-encoder-webm-vorbis: bf7c407c2cedff20999df2af8eb42d56 -> 
  custom:video-codec-MediaFoundation-h265: 746d11721c4dcdbdad8f713fa42b33f4 -> 
  custom:video-decoder-ogg-theora: a1e56fd34408186e4bbccfd4996cb3dc -> 
  custom:CustomObjectIndexerAttribute: 72b91833f83ae208fae7752999fa3104 -> 
  custom:container-demuxer-webm: 4f35f7cbe854078d1ac9338744f61a02 -> 
  custom:video-encoder-webm-vp8: eb34c28f22e8b96e1ab97ce403110664 -> 
========================================================================
Received Import Request.
  Time since last request: 7773.574748 seconds.
  path: Assets/RangerProject/Prefabs/VFXGraph_Muzzles_2020.3_HDRP/UserSettings/EditorUserSettings.asset
  artifactKey: Guid(4d048668697dc1149985586a8715594e) Importer(815301076,1909f56bfc062723c751e8b465ee728b)
Start importing Assets/RangerProject/Prefabs/VFXGraph_Muzzles_2020.3_HDRP/UserSettings/EditorUserSettings.asset using Guid(4d048668697dc1149985586a8715594e) Importer(815301076,1909f56bfc062723c751e8b465ee728b) [PhysX] Initialized MultithreadedTaskDispatcher with 16 workers.
 -> (artifact id: '20213ef41c55a673dd124b4d5e5731bb') in 0.005072 seconds
Number of updated asset objects reloaded before import = 0
Number of asset objects unloaded after import = 0
========================================================================
Received Import Request.
  Time since last request: 27.280098 seconds.
  path: Assets/RangerProject/Prefabs/VFXGraph_Muzzles_2020.3_HDRP/Assets/GabrielAguiarProductions/Settings/DefaultLookDevProfile.asset
  artifactKey: Guid(1d9930103f8d3d64cb0c24a420747ca7) Importer(815301076,1909f56bfc062723c751e8b465ee728b)
Start importing Assets/RangerProject/Prefabs/VFXGraph_Muzzles_2020.3_HDRP/Assets/GabrielAguiarProductions/Settings/DefaultLookDevProfile.asset using Guid(1d9930103f8d3d64cb0c24a420747ca7) Importer(815301076,1909f56bfc062723c751e8b465ee728b) [PhysX] Initialized MultithreadedTaskDispatcher with 16 workers.
 -> (artifact id: '23eca2d7fd05bd66354f9ae89d7d0851') in 0.007852 seconds
Number of updated asset objects reloaded before import = 0
Number of asset objects unloaded after import = 5
========================================================================
Received Import Request.
  Time since last request: 0.000013 seconds.
  path: Assets/RangerProject/Prefabs/VFXGraph_Muzzles_2020.3_HDRP/Assets/GabrielAguiarProductions/Settings/Skin Diffusion Profile.asset
  artifactKey: Guid(65b6872a6aee28a4cbe672909e1b9d52) Importer(815301076,1909f56bfc062723c751e8b465ee728b)
Start importing Assets/RangerProject/Prefabs/VFXGraph_Muzzles_2020.3_HDRP/Assets/GabrielAguiarProductions/Settings/Skin Diffusion Profile.asset using Guid(65b6872a6aee28a4cbe672909e1b9d52) Importer(815301076,1909f56bfc062723c751e8b465ee728b) [PhysX] Initialized MultithreadedTaskDispatcher with 16 workers.
 -> (artifact id: 'fa7d956c357605172888c5762ec99564') in 0.001295 seconds
Number of updated asset objects reloaded before import = 0
Number of asset objects unloaded after import = 1
========================================================================
Received Import Request.
  Time since last request: 57.575768 seconds.
  path: Assets/RangerProject/Prefabs/VFXGraph_Muzzles_2020.3_HDRP/Assets/GabrielAguiarProductions/Materials/Sky.mat
  artifactKey: Guid(bbc9a1876bef784488a5cea88e586c5e) Importer(815301076,1909f56bfc062723c751e8b465ee728b)
Start importing Assets/RangerProject/Prefabs/VFXGraph_Muzzles_2020.3_HDRP/Assets/GabrielAguiarProductions/Materials/Sky.mat using Guid(bbc9a1876bef784488a5cea88e586c5e) Importer(815301076,1909f56bfc062723c751e8b465ee728b) [PhysX] Initialized MultithreadedTaskDispatcher with 16 workers.
[PhysX] Initialized MultithreadedTaskDispatcher with 16 workers.
 -> (artifact id: '975bc7c002d9cce4047e11a5480357f2') in 0.448187 seconds
Number of updated asset objects reloaded before import = 0
Number of asset objects unloaded after import = 2
========================================================================
Received Import Request.
  Time since last request: 10.110382 seconds.
  path: Assets/RangerProject/Prefabs/VFXGraph_Muzzles_2020.3_HDRP/Assets/GabrielAguiarProductions/Models/MuzzleMeshes.fbx
  artifactKey: Guid(141b7827eccf8e645a0a89fb00563415) Importer(815301076,1909f56bfc062723c751e8b465ee728b)
Start importing Assets/RangerProject/Prefabs/VFXGraph_Muzzles_2020.3_HDRP/Assets/GabrielAguiarProductions/Models/MuzzleMeshes.fbx using Guid(141b7827eccf8e645a0a89fb00563415) Importer(815301076,1909f56bfc062723c751e8b465ee728b) [PhysX] Initialized MultithreadedTaskDispatcher with 16 workers.
[PhysX] Initialized MultithreadedTaskDispatcher with 16 workers.
[PhysX] Initialized MultithreadedTaskDispatcher with 16 workers.
[PhysX] Initialized MultithreadedTaskDispatcher with 16 workers.
[PhysX] Initialized MultithreadedTaskDispatcher with 16 workers.
[PhysX] Initialized MultithreadedTaskDispatcher with 16 workers.
[PhysX] Initialized MultithreadedTaskDispatcher with 16 workers.
[PhysX] Initialized MultithreadedTaskDispatcher with 16 workers.
[PhysX] Initialized MultithreadedTaskDispatcher with 16 workers.
[PhysX] Initialized MultithreadedTaskDispatcher with 16 workers.
 -> (artifact id: '7b5a12dcdc6e88efec3495ef2f18b90a') in 0.099863 seconds
Number of updated asset objects reloaded before import = 0
Number of asset objects unloaded after import = 24
========================================================================
Received Import Request.
  Time since last request: 0.309840 seconds.
  path: Assets/RangerProject/Prefabs/VFXGraph_Muzzles_2020.3_HDRP/Assets/GabrielAguiarProductions/Prefabs/vfx_MuzzleFlash_v1.prefab
  artifactKey: Guid(4b5e24737f00bec43a07d082ed6933b2) Importer(815301076,1909f56bfc062723c751e8b465ee728b)
Start importing Assets/RangerProject/Prefabs/VFXGraph_Muzzles_2020.3_HDRP/Assets/GabrielAguiarProductions/Prefabs/vfx_MuzzleFlash_v1.prefab using Guid(4b5e24737f00bec43a07d082ed6933b2) Importer(815301076,1909f56bfc062723c751e8b465ee728b) [PhysX] Initialized MultithreadedTaskDispatcher with 16 workers.
[PhysX] Initialized MultithreadedTaskDispatcher with 16 workers.
 -> (artifact id: '60cbd43ae2ae6c249623bfc29ec02a2e') in 0.013883 seconds
Number of updated asset objects reloaded before import = 0
Number of asset objects unloaded after import = 8
========================================================================
Received Import Request.
  Time since last request: 0.000021 seconds.
  path: Assets/RangerProject/Prefabs/VFXGraph_Muzzles_2020.3_HDRP/Assets/GabrielAguiarProductions/Prefabs/vfx_MuzzleFlash_v4.prefab
  artifactKey: Guid(e9a757b9f0df8b2469612cba9493086e) Importer(815301076,1909f56bfc062723c751e8b465ee728b)
Start importing Assets/RangerProject/Prefabs/VFXGraph_Muzzles_2020.3_HDRP/Assets/GabrielAguiarProductions/Prefabs/vfx_MuzzleFlash_v4.prefab using Guid(e9a757b9f0df8b2469612cba9493086e) Importer(815301076,1909f56bfc062723c751e8b465ee728b) [PhysX] Initialized MultithreadedTaskDispatcher with 16 workers.
[PhysX] Initialized MultithreadedTaskDispatcher with 16 workers.
 -> (artifact id: 'e34e15be48423f5e6118c8460068f77f') in 0.008588 seconds
Number of updated asset objects reloaded before import = 0
Number of asset objects unloaded after import = 8
========================================================================
Received Import Request.
  Time since last request: 0.000026 seconds.
  path: Assets/RangerProject/Prefabs/VFXGraph_Muzzles_2020.3_HDRP/Assets/GabrielAguiarProductions/Prefabs/vfx_MuzzleFlash_v9.prefab
  artifactKey: Guid(20bbc05a61528874fb8e445a0ed4c678) Importer(815301076,1909f56bfc062723c751e8b465ee728b)
Start importing Assets/RangerProject/Prefabs/VFXGraph_Muzzles_2020.3_HDRP/Assets/GabrielAguiarProductions/Prefabs/vfx_MuzzleFlash_v9.prefab using Guid(20bbc05a61528874fb8e445a0ed4c678) Importer(815301076,1909f56bfc062723c751e8b465ee728b) [PhysX] Initialized MultithreadedTaskDispatcher with 16 workers.
[PhysX] Initialized MultithreadedTaskDispatcher with 16 workers.
 -> (artifact id: '141847ac2fc1f16e7ef621a9092f0078') in 0.011916 seconds
Number of updated asset objects reloaded before import = 0
Number of asset objects unloaded after import = 8
========================================================================
Received Import Request.
  Time since last request: 0.000017 seconds.
  path: Assets/RangerProject/Prefabs/VFXGraph_Muzzles_2020.3_HDRP/Assets/GabrielAguiarProductions/Prefabs/vfx_MuzzleFlash_v3.prefab
  artifactKey: Guid(08d1b9ba7f248d94fb1ec65a00f113db) Importer(815301076,1909f56bfc062723c751e8b465ee728b)
Start importing Assets/RangerProject/Prefabs/VFXGraph_Muzzles_2020.3_HDRP/Assets/GabrielAguiarProductions/Prefabs/vfx_MuzzleFlash_v3.prefab using Guid(08d1b9ba7f248d94fb1ec65a00f113db) Importer(815301076,1909f56bfc062723c751e8b465ee728b) [PhysX] Initialized MultithreadedTaskDispatcher with 16 workers.
[PhysX] Initialized MultithreadedTaskDispatcher with 16 workers.
 -> (artifact id: 'e6ef079689a4eb6ef4c62a2a3ea0382d') in 0.010001 seconds
Number of updated asset objects reloaded before import = 0
Number of asset objects unloaded after import = 8
========================================================================
Received Import Request.
  Time since last request: 0.000023 seconds.
  path: Assets/RangerProject/Prefabs/VFXGraph_Muzzles_2020.3_HDRP/Assets/GabrielAguiarProductions/Prefabs/vfx_MuzzleFlash_v5.prefab
  artifactKey: Guid(b68a574ad0caca84780a2c72373e31ba) Importer(815301076,1909f56bfc062723c751e8b465ee728b)
Start importing Assets/RangerProject/Prefabs/VFXGraph_Muzzles_2020.3_HDRP/Assets/GabrielAguiarProductions/Prefabs/vfx_MuzzleFlash_v5.prefab using Guid(b68a574ad0caca84780a2c72373e31ba) Importer(815301076,1909f56bfc062723c751e8b465ee728b) [PhysX] Initialized MultithreadedTaskDispatcher with 16 workers.
[PhysX] Initialized MultithreadedTaskDispatcher with 16 workers.
 -> (artifact id: '64fdb11a89e831650d0598e093bf66f4') in 0.010778 seconds
Number of updated asset objects reloaded before import = 0
Number of asset objects unloaded after import = 8
========================================================================
Received Import Request.
  Time since last request: 34.611488 seconds.
  path: Assets/RangerProject/Prefabs/VFXGraph_Muzzles_2020.3_HDRP/Assets/GabrielAguiarProductions/Textures/GradientCenter03.png
  artifactKey: Guid(3b4d1c92825d4154cad2119444d0b6ce) Importer(815301076,1909f56bfc062723c751e8b465ee728b)
Start importing Assets/RangerProject/Prefabs/VFXGraph_Muzzles_2020.3_HDRP/Assets/GabrielAguiarProductions/Textures/GradientCenter03.png using Guid(3b4d1c92825d4154cad2119444d0b6ce) Importer(815301076,1909f56bfc062723c751e8b465ee728b) [PhysX] Initialized MultithreadedTaskDispatcher with 16 workers.
[PhysX] Initialized MultithreadedTaskDispatcher with 16 workers.
 -> (artifact id: 'a2eab10479045e546b47ebc58ad606e6') in 0.017995 seconds
Number of updated asset objects reloaded before import = 0
Number of asset objects unloaded after import = 2
========================================================================
Received Import Request.
  Time since last request: 0.000021 seconds.
  path: Assets/RangerProject/Prefabs/VFXGraph_Muzzles_2020.3_HDRP/Assets/GabrielAguiarProductions/Textures/vfx2_FLORB_0142.png
  artifactKey: Guid(e15fd2d721ce65b4a99993188b1c6610) Importer(815301076,1909f56bfc062723c751e8b465ee728b)
Start importing Assets/RangerProject/Prefabs/VFXGraph_Muzzles_2020.3_HDRP/Assets/GabrielAguiarProductions/Textures/vfx2_FLORB_0142.png using Guid(e15fd2d721ce65b4a99993188b1c6610) Importer(815301076,1909f56bfc062723c751e8b465ee728b) [PhysX] Initialized MultithreadedTaskDispatcher with 16 workers.
[PhysX] Initialized MultithreadedTaskDispatcher with 16 workers.
 -> (artifact id: 'd7f974155fe8d297a8a7b0c80df446aa') in 0.010852 seconds
Number of updated asset objects reloaded before import = 0
Number of asset objects unloaded after import = 2
========================================================================
Received Import Request.
  Time since last request: 0.000032 seconds.
  path: Assets/RangerProject/Prefabs/VFXGraph_Muzzles_2020.3_HDRP/Assets/GabrielAguiarProductions/Textures/MuzzleFlashTut.psd
  artifactKey: Guid(32162cfc33db4624490421424544602d) Importer(815301076,1909f56bfc062723c751e8b465ee728b)
Start importing Assets/RangerProject/Prefabs/VFXGraph_Muzzles_2020.3_HDRP/Assets/GabrielAguiarProductions/Textures/MuzzleFlashTut.psd using Guid(32162cfc33db4624490421424544602d) Importer(815301076,1909f56bfc062723c751e8b465ee728b) [PhysX] Initialized MultithreadedTaskDispatcher with 16 workers.
[PhysX] Initialized MultithreadedTaskDispatcher with 16 workers.
 -> (artifact id: 'b8e1e66cb60f392ed2fdbc9763fcb17a') in 0.008926 seconds
Number of updated asset objects reloaded before import = 0
Number of asset objects unloaded after import = 2
========================================================================
Received Import Request.
  Time since last request: 0.000021 seconds.
  path: Assets/RangerProject/Prefabs/VFXGraph_Muzzles_2020.3_HDRP/Assets/GabrielAguiarProductions/Textures/vfx2_FLORB_0090.png
  artifactKey: Guid(67852557a6ff4a649973ea7288e7d758) Importer(815301076,1909f56bfc062723c751e8b465ee728b)
Start importing Assets/RangerProject/Prefabs/VFXGraph_Muzzles_2020.3_HDRP/Assets/GabrielAguiarProductions/Textures/vfx2_FLORB_0090.png using Guid(67852557a6ff4a649973ea7288e7d758) Importer(815301076,1909f56bfc062723c751e8b465ee728b) [PhysX] Initialized MultithreadedTaskDispatcher with 16 workers.
[PhysX] Initialized MultithreadedTaskDispatcher with 16 workers.
 -> (artifact id: '109690bc889818756336c30c67cb1c3f') in 0.009468 seconds
Number of updated asset objects reloaded before import = 0
Number of asset objects unloaded after import = 2
========================================================================
Received Import Request.
  Time since last request: 0.000018 seconds.
  path: Assets/RangerProject/Prefabs/VFXGraph_Muzzles_2020.3_HDRP/Assets/GabrielAguiarProductions/Textures/ToonSemiCircle03_3x3.png
  artifactKey: Guid(68b7cf57b81ef7e459f96a39d603d603) Importer(815301076,1909f56bfc062723c751e8b465ee728b)
Start importing Assets/RangerProject/Prefabs/VFXGraph_Muzzles_2020.3_HDRP/Assets/GabrielAguiarProductions/Textures/ToonSemiCircle03_3x3.png using Guid(68b7cf57b81ef7e459f96a39d603d603) Importer(815301076,1909f56bfc062723c751e8b465ee728b) [PhysX] Initialized MultithreadedTaskDispatcher with 16 workers.
[PhysX] Initialized MultithreadedTaskDispatcher with 16 workers.
 -> (artifact id: 'cf060032a36ff01a8a6993173d758eb1') in 0.010381 seconds
Number of updated asset objects reloaded before import = 0
Number of asset objects unloaded after import = 2
Editor requested this worker to shutdown with reason: Scaling down because of idle timeout
TcpMessagingSession - receive error: operation aborted. errorcode: 995, details: Der E/A-Vorgang wurde wegen eines Threadendes oder einer Anwendungsanforderung abgebrochen.
AssetImportWorker is now disconnected from the server
Process exiting
Exiting without the bug reporter. Application will terminate with return code 0